[33m========执行1/3 : 清理========[0m
[32mINFO [39m Validating config
[32mINFO [39m Deleted database.
[32mINFO [39m Deleted public folder.
[33m========执行2/3 : 生成========[0m
[32mINFO [39m Validating config
[32mINFO [39m Start processing
[32mINFO [39m 
------------------------------------------------
|                                              |
|     ________  __            _        __      |
|    |_   __  |[  |          (_)      |  ]     |
|      | |_ \_| | | __   _   __   .--.| |      |
|      |  _|    | |[  | | | [  |/ /'`\' |      |
|     _| |_     | | | \_/ |, | || \__/  |      |
|    |_____|   [___]'.__.'_/[___]'.__.;__]     |
|                                              |
|             感谢使用 Fluid 主题 !            |
|    文档: https://hexo.fluid-dev.com/docs/    |
|                                              |
------------------------------------------------

[32mINFO [39m Files loaded in [36m315 ms[39m
